-------------------------------------------------------------------------------
Test set: com.spring.boot.jdbc.Customeroptions.CustomeroptionsApplicationTests
-------------------------------------------------------------------------------
Tests run: 1, Failures: 0, Errors: 1, Skipped: 0, Time elapsed: 4.793 s <<< FAILURE! - in com.spring.boot.jdbc.Customeroptions.CustomeroptionsApplicationTests
contextLoads  Time elapsed: 0.01 s  <<< ERROR!
java.lang.IllegalStateException: Failed to load ApplicationContext for [WebMergedContextConfiguration@279e1422 testClass = com.spring.boot.jdbc.Customeroptions.CustomeroptionsApplicationTests, locations = [], classes = [com.spring.boot.jdbc.Customeroptions.CustomeroptionsApplication], contextInitializerClasses = [], activeProfiles = [], propertySourceLocations = [], propertySourceProperties = ["org.springframework.boot.test.context.SpringBootTestContextBootstrapper=true"], contextCustomizers = [org.springframework.boot.test.context.filter.ExcludeFilterContextCustomizer@5824a83d, org.springframework.boot.test.json.DuplicateJsonObjectContextCustomizerFactory$DuplicateJsonObjectContextCustomizer@4d154ccd, org.springframework.boot.test.mock.mockito.MockitoContextCustomizer@0, org.springframework.boot.test.web.client.TestRestTemplateContextCustomizer@4145bad8, org.springframework.boot.test.autoconfigure.actuate.observability.ObservabilityContextCustomizerFactory$DisableObservabilityContextCustomizer@1f, org.springframework.boot.test.autoconfigure.properties.PropertyMappingContextCustomizer@0, org.springframework.boot.test.autoconfigure.web.servlet.WebDriverContextCustomizer@3e8c3cb, org.springframework.boot.test.context.SpringBootTestAnnotation@eb0de5a5], resourceBasePath = "src/main/webapp", contextLoader = org.springframework.boot.test.context.SpringBootContextLoader, parent = null]
Caused by: org.springframework.beans.factory.UnsatisfiedDependencyException: Error creating bean with name 'hospitalController': Unsatisfied dependency expressed through field 'hospitalres': Error creating bean with name 'hospitalRepo': Unsatisfied dependency expressed through field 'hospitaldao': No qualifying bean of type 'com.spring.boot.jdbc.Customeroptions.dao.HospitalDAO' available: expected at least 1 bean which qualifies as autowire candidate. Dependency annotations: {@org.springframework.beans.factory.annotation.Autowired(required=true)}
Caused by: org.springframework.beans.factory.UnsatisfiedDependencyException: Error creating bean with name 'hospitalRepo': Unsatisfied dependency expressed through field 'hospitaldao': No qualifying bean of type 'com.spring.boot.jdbc.Customeroptions.dao.HospitalDAO' available: expected at least 1 bean which qualifies as autowire candidate. Dependency annotations: {@org.springframework.beans.factory.annotation.Autowired(required=true)}
Caused by: org.springframework.beans.factory.NoSuchBeanDefinitionException: No qualifying bean of type 'com.spring.boot.jdbc.Customeroptions.dao.HospitalDAO' available: expected at least 1 bean which qualifies as autowire candidate. Dependency annotations: {@org.springframework.beans.factory.annotation.Autowired(required=true)}

